#
# There is insufficient memory for the Java Runtime Environment to continue.
# Native memory allocation (malloc) failed to allocate 1800816 bytes. Error detail: Chunk::new
# Possible reasons:
#   The system is out of physical RAM or swap space
#   This process is running with CompressedOops enabled, and the Java Heap may be blocking the growth of the native heap
# Possible solutions:
#   Reduce memory load on the system
#   Increase physical memory or swap space
#   Check if swap backing store is full
#   Decrease Java heap size (-Xmx/-Xms)
#   Decrease number of Java threads
#   Decrease Java thread stack sizes (-Xss)
#   Set larger code cache with -XX:ReservedCodeCacheSize=
#   JVM is running with Unscaled Compressed Oops mode in which the Java heap is
#     placed in the first 4GB address space. The Java Heap base address is the
#     maximum limit for the native heap growth. Please use -XX:HeapBaseMinAddress
#     to set the Java Heap base and to place the Java Heap above 4GB virtual address.
# This output file may be truncated or incomplete.
#
#  Out of Memory Error (arena.cpp:191), pid=4260, tid=10700
#
# JRE version: OpenJDK Runtime Environment Temurin-17.0.13+11 (17.0.13+11) (build 17.0.13+11)
# Java VM: OpenJDK 64-Bit Server VM Temurin-17.0.13+11 (17.0.13+11, mixed mode, tiered, compressed oops, compressed class ptrs, parallel gc, windows-amd64)
# No core dump will be written. Minidumps are not enabled by default on client versions of Windows
#

---------------  S U M M A R Y ------------

Command Line: --add-modules=ALL-SYSTEM --add-opens=java.base/java.util=ALL-UNNAMED --add-opens=java.base/java.lang=ALL-UNNAMED --add-opens=java.base/sun.nio.fs=ALL-UNNAMED -Declipse.application=org.eclipse.jdt.ls.core.id1 -Dosgi.bundles.defaultStartLevel=4 -Declipse.product=org.eclipse.jdt.ls.core.product -Djava.import.generatesMetadataFilesAtProjectRoot=false -DDetectVMInstallationsJob.disabled=true -Dfile.encoding=utf8 -XX:+UseParallelGC -XX:GCTimeRatio=4 -XX:AdaptiveSizePolicyWeight=90 -Dsun.zip.disableMemoryMapping=true -Xmx1G -Xms100m -Xlog:disable -javaagent:c:\Users\SNC\.vscode\extensions\redhat.java-1.36.0-win32-x64\lombok\lombok-1.18.35.jar c:\Users\SNC\.vscode\extensions\redhat.java-1.36.0-win32-x64\server\plugins\org.eclipse.equinox.launcher_1.6.900.v20240613-2009.jar -configuration c:\Users\SNC\AppData\Roaming\Code\User\globalStorage\redhat.java\1.36.0\config_ss_win -data c:\Users\SNC\AppData\Roaming\Code\User\workspaceStorage\692bcfad043df00c9f4a67a20be57af4\redhat.java\ss_ws --pipe=\\.\pipe\lsp-2f44e5f538684d6edfa07883fa088ccf-sock

Host: Intel(R) Pentium(R) CPU 5405U @ 2.30GHz, 4 cores, 3G,  Windows 10 , 64 bit Build 19041 (10.0.19041.4957)
Time: Sun Nov 17 09:00:10 2024 Sri Lanka Standard Time elapsed time: 257.002172 seconds (0d 0h 4m 17s)

---------------  T H R E A D  ---------------

Current thread (0x000001f87a4ffd40):  JavaThread "C2 CompilerThread0" daemon [_thread_in_native, id=10700, stack(0x0000009be5500000,0x0000009be5600000)]


Current CompileTask:
C2: 257002 4595   !   4       org.eclipse.osgi.internal.loader.BundleLoader::findClass0 (470 bytes)

Stack: [0x0000009be5500000,0x0000009be5600000]
Native frames: (J=compiled Java code, j=interpreted, Vv=VM code, C=native code)
V  [jvm.dll+0x682a19]
V  [jvm.dll+0x839538]
V  [jvm.dll+0x83afe3]
V  [jvm.dll+0x83b653]
V  [jvm.dll+0x24704f]
V  [jvm.dll+0xace34]
V  [jvm.dll+0xad4cc]
V  [jvm.dll+0x36592f]
V  [jvm.dll+0x32fbd8]
V  [jvm.dll+0x32f05a]
V  [jvm.dll+0x21804f]
V  [jvm.dll+0x21748f]
V  [jvm.dll+0x1a3070]
V  [jvm.dll+0x22788c]
V  [jvm.dll+0x2259eb]
V  [jvm.dll+0x7eec98]
V  [jvm.dll+0x7e8ffc]
V  [jvm.dll+0x6818f7]
C  [ucrtbase.dll+0x21bb2]
C  [KERNEL32.DLL+0x17374]
C  [ntdll.dll+0x4cc91]


---------------  P R O C E S S  ---------------

Threads class SMR info:
_java_thread_list=0x000001f800b41ac0, length=30, elements={
0x000001f866690a00, 0x000001f866748b20, 0x000001f86674a550, 0x000001f87a4fb150,
0x000001f87a4fbee0, 0x000001f87a4fcb70, 0x000001f87a4fe850, 0x000001f87a4ffd40,
0x000001f87f6793c0, 0x000001f87a52e4d0, 0x000001f87f72f020, 0x000001f87f87f320,
0x000001f8000f8c70, 0x000001f8009339f0, 0x000001f800509f90, 0x000001f87f6fb2e0,
0x000001f87fa014a0, 0x000001f87fa03810, 0x000001f87fa01ec0, 0x000001f87fa00060,
0x000001f87fa00570, 0x000001f87fa03300, 0x000001f87fa019b0, 0x000001f87fa00a80,
0x000001f87fa00f90, 0x000001f87fa023d0, 0x000001f8020b20c0, 0x000001f8020b3a10,
0x000001f8020b0770, 0x000001f8020ad4d0
}

Java Threads: ( => current thread )
  0x000001f866690a00 JavaThread "main" [_thread_blocked, id=16184, stack(0x0000009be4c00000,0x0000009be4d00000)]
  0x000001f866748b20 JavaThread "Reference Handler" daemon [_thread_blocked, id=13920, stack(0x0000009be4f00000,0x0000009be5000000)]
  0x000001f86674a550 JavaThread "Finalizer" daemon [_thread_blocked, id=17244, stack(0x0000009be5000000,0x0000009be5100000)]
  0x000001f87a4fb150 JavaThread "Signal Dispatcher" daemon [_thread_blocked, id=2916, stack(0x0000009be5100000,0x0000009be5200000)]
  0x000001f87a4fbee0 JavaThread "Attach Listener" daemon [_thread_blocked, id=16244, stack(0x0000009be5200000,0x0000009be5300000)]
  0x000001f87a4fcb70 JavaThread "Service Thread" daemon [_thread_blocked, id=2500, stack(0x0000009be5300000,0x0000009be5400000)]
  0x000001f87a4fe850 JavaThread "Monitor Deflation Thread" daemon [_thread_blocked, id=14696, stack(0x0000009be5400000,0x0000009be5500000)]
=>0x000001f87a4ffd40 JavaThread "C2 CompilerThread0" daemon [_thread_in_native, id=10700, stack(0x0000009be5500000,0x0000009be5600000)]
  0x000001f87f6793c0 JavaThread "C1 CompilerThread0" daemon [_thread_blocked, id=16472, stack(0x0000009be5600000,0x0000009be5700000)]
  0x000001f87a52e4d0 JavaThread "Sweeper thread" daemon [_thread_blocked, id=7908, stack(0x0000009be5700000,0x0000009be5800000)]
  0x000001f87f72f020 JavaThread "Common-Cleaner" daemon [_thread_blocked, id=15776, stack(0x0000009be5800000,0x0000009be5900000)]
  0x000001f87f87f320 JavaThread "Notification Thread" daemon [_thread_blocked, id=4316, stack(0x0000009be5900000,0x0000009be5a00000)]
  0x000001f8000f8c70 JavaThread "Active Thread: Equinox Container: 18dba231-c522-49a2-847d-aefcbabcb7d6" [_thread_blocked, id=1388, stack(0x0000009be5e00000,0x0000009be5f00000)]
  0x000001f8009339f0 JavaThread "Framework Event Dispatcher: Equinox Container: 18dba231-c522-49a2-847d-aefcbabcb7d6" daemon [_thread_blocked, id=10228, stack(0x0000009be5f00000,0x0000009be6000000)]
  0x000001f800509f90 JavaThread "Start Level: Equinox Container: 18dba231-c522-49a2-847d-aefcbabcb7d6" daemon [_thread_blocked, id=4196, stack(0x0000009be6000000,0x0000009be6100000)]
  0x000001f87f6fb2e0 JavaThread "SCR Component Actor" daemon [_thread_blocked, id=1852, stack(0x0000009be6100000,0x0000009be6200000)]
  0x000001f87fa014a0 JavaThread "Worker-JM" [_thread_blocked, id=10800, stack(0x0000009be6300000,0x0000009be6400000)]
  0x000001f87fa03810 JavaThread "JNA Cleaner" daemon [_thread_blocked, id=9852, stack(0x0000009be6400000,0x0000009be6500000)]
  0x000001f87fa01ec0 JavaThread "Worker-0: Shutdown..." [_thread_in_Java, id=16224, stack(0x0000009be6200000,0x0000009be6300000)]
  0x000001f87fa00060 JavaThread "Thread-3" daemon [_thread_in_native, id=12708, stack(0x0000009be6700000,0x0000009be6800000)]
  0x000001f87fa00570 JavaThread "Thread-4" daemon [_thread_in_native, id=9904, stack(0x0000009be6800000,0x0000009be6900000)]
  0x000001f87fa03300 JavaThread "Thread-5" daemon [_thread_in_native, id=4292, stack(0x0000009be6900000,0x0000009be6a00000)]
  0x000001f87fa019b0 JavaThread "Thread-6" daemon [_thread_in_native, id=3044, stack(0x0000009be6a00000,0x0000009be6b00000)]
  0x000001f87fa00a80 JavaThread "Thread-7" daemon [_thread_in_native, id=15940, stack(0x0000009be6b00000,0x0000009be6c00000)]
  0x000001f87fa00f90 JavaThread "pool-2-thread-1" [_thread_blocked, id=13164, stack(0x0000009be6c00000,0x0000009be6d00000)]
  0x000001f87fa023d0 JavaThread "Worker-2" [_thread_blocked, id=17228, stack(0x0000009be6d00000,0x0000009be6e00000)]
  0x000001f8020b20c0 JavaThread "WorkspaceEventsHandler" [_thread_blocked, id=13764, stack(0x0000009be6e00000,0x0000009be6f00000)]
  0x000001f8020b3a10 JavaThread "pool-1-thread-1" [_thread_blocked, id=11240, stack(0x0000009be6f00000,0x0000009be7000000)]
  0x000001f8020b0770 JavaThread "ForkJoinPool.commonPool-worker-1" daemon [_thread_blocked, id=1860, stack(0x0000009be4a00000,0x0000009be4b00000)]
  0x000001f8020ad4d0 JavaThread "pool-3-thread-1" [_thread_blocked, id=8632, stack(0x0000009be4b00000,0x0000009be4c00000)]

Other Threads:
  0x000001f87a4c6600 VMThread "VM Thread" [stack: 0x0000009be4e00000,0x0000009be4f00000] [id=15748]
  0x000001f87fa37630 WatcherThread [stack: 0x0000009be5a00000,0x0000009be5b00000] [id=11268]
  0x000001f8666a54f0 GCTaskThread "GC Thread#0" [stack: 0x0000009be4d00000,0x0000009be4e00000] [id=14280]
  0x000001f8002374c0 GCTaskThread "GC Thread#1" [stack: 0x0000009be5b00000,0x0000009be5c00000] [id=17304]
  0x000001f800237780 GCTaskThread "GC Thread#2" [stack: 0x0000009be5c00000,0x0000009be5d00000] [id=884]
  0x000001f800237a40 GCTaskThread "GC Thread#3" [stack: 0x0000009be5d00000,0x0000009be5e00000] [id=11764]

Threads with active compile tasks:
C2 CompilerThread0   257096 4595   !   4       org.eclipse.osgi.internal.loader.BundleLoader::findClass0 (470 bytes)

VM state: not at safepoint (normal execution)

VM Mutex/Monitor currently owned by a thread: None

Heap address: 0x00000000c0000000, size: 1024 MB, Compressed Oops mode: 32-bit

CDS archive(s) not mapped
Compressed class space mapped at: 0x0000000100000000-0x0000000140000000, reserved size: 1073741824
Narrow klass base: 0x0000000000000000, Narrow klass shift: 3, Narrow klass range: 0x140000000

GC Precious Log:
 CPUs: 4 total, 4 available
 Memory: 3971M
 Large Page Support: Disabled
 NUMA Support: Disabled
 Compressed Oops: Enabled (32-bit)
 Alignments: Space 512K, Generation 512K, Heap 2M
 Heap Min Capacity: 100M
 Heap Initial Capacity: 100M
 Heap Max Capacity: 1G
 Pre-touch: Disabled
 Parallel Workers: 4

Heap:
 PSYoungGen      total 23040K, used 7375K [0x00000000eab00000, 0x00000000ec400000, 0x0000000100000000)
  eden space 20480K, 26% used [0x00000000eab00000,0x00000000eb03ea80,0x00000000ebf00000)
  from space 2560K, 78% used [0x00000000ebf00000,0x00000000ec0f5310,0x00000000ec180000)
  to   space 2560K, 0% used [0x00000000ec180000,0x00000000ec180000,0x00000000ec400000)
 ParOldGen       total 68608K, used 26251K [0x00000000c0000000, 0x00000000c4300000, 0x00000000eab00000)
  object space 68608K, 38% used [0x00000000c0000000,0x00000000c19a2f00,0x00000000c4300000)
 Metaspace       used 45191K, committed 45952K, reserved 1114112K
  class space    used 4588K, committed 4928K, reserved 1048576K

Card table byte_map: [0x000001f866060000,0x000001f866270000] _byte_map_base: 0x000001f865a60000

Marking Bits: (ParMarkBitMap*) 0x00007ffa78dc6940
 Begin Bits: [0x000001f878330000, 0x000001f879330000)
 End Bits:   [0x000001f879330000, 0x000001f87a330000)

Polling page: 0x000001f865e50000

Metaspace:

Usage:
  Non-class:     39.65 MB used.
      Class:      4.48 MB used.
       Both:     44.13 MB used.

Virtual space:
  Non-class space:       64.00 MB reserved,      40.06 MB ( 63%) committed,  1 nodes.
      Class space:        1.00 GB reserved,       4.81 MB ( <1%) committed,  1 nodes.
             Both:        1.06 GB reserved,      44.88 MB (  4%) committed. 

Chunk freelists:
   Non-Class:  7.19 MB
       Class:  11.19 MB
        Both:  18.38 MB

MaxMetaspaceSize: unlimited
CompressedClassSpaceSize: 1.00 GB
Initial GC threshold: 21.00 MB
Current GC threshold: 58.38 MB
CDS: off
MetaspaceReclaimPolicy: balanced
 - commit_granule_bytes: 65536.
 - commit_granule_words: 8192.
 - virtual_space_node_default_size: 8388608.
 - enlarge_chunks_in_place: 1.
 - new_chunks_are_fully_committed: 0.
 - uncommit_free_chunks: 1.
 - use_allocation_guard: 0.
 - handle_deallocations: 1.


Internal statistics:

num_allocs_failed_limit: 6.
num_arena_births: 524.
num_arena_deaths: 14.
num_vsnodes_births: 2.
num_vsnodes_deaths: 0.
num_space_committed: 718.
num_space_uncommitted: 0.
num_chunks_returned_to_freelist: 20.
num_chunks_taken_from_freelist: 2046.
num_chunk_merges: 8.
num_chunk_splits: 1327.
num_chunks_enlarged: 858.
num_inconsistent_stats: 0.

CodeHeap 'non-profiled nmethods': size=120000Kb used=2410Kb max_used=2410Kb free=117589Kb
 bounds [0x000001f870e00000, 0x000001f871070000, 0x000001f878330000]
CodeHeap 'profiled nmethods': size=120000Kb used=9497Kb max_used=9497Kb free=110502Kb
 bounds [0x000001f869330000, 0x000001f869c80000, 0x000001f870860000]
CodeHeap 'non-nmethods': size=5760Kb used=1327Kb max_used=1390Kb free=4432Kb
 bounds [0x000001f870860000, 0x000001f870ad0000, 0x000001f870e00000]
 total_blobs=5255 nmethods=4585 adapters=584
 compilation: enabled
              stopped_count=0, restarted_count=0
 full_count=0

Compilation events (20 events):
Event: 254.509 Thread 0x000001f87f6793c0 nmethod 4582 0x000001f869c73510 code [0x000001f869c736c0, 0x000001f869c738c8]
Event: 256.199 Thread 0x000001f87f6793c0 4585       1       org.eclipse.core.internal.jobs.InternalJob::next (5 bytes)
Event: 256.200 Thread 0x000001f87f6793c0 nmethod 4585 0x000001f871059e10 code [0x000001f871059fa0, 0x000001f87105a078]
Event: 256.301 Thread 0x000001f87f6793c0 4586       3       java.lang.StackTraceElement::<init> (10 bytes)
Event: 256.301 Thread 0x000001f87f6793c0 nmethod 4586 0x000001f869c73990 code [0x000001f869c73b20, 0x000001f869c73c98]
Event: 256.303 Thread 0x000001f87f6793c0 4587  s!   3       java.lang.StackTraceElement::computeFormat (71 bytes)
Event: 256.305 Thread 0x000001f87f6793c0 nmethod 4587 0x000001f869c73d90 code [0x000001f869c73fa0, 0x000001f869c747f8]
Event: 256.305 Thread 0x000001f87f6793c0 4588       3       java.lang.StackTraceElement::isHashedInJavaBase (31 bytes)
Event: 256.306 Thread 0x000001f87f6793c0 nmethod 4588 0x000001f869c74a90 code [0x000001f869c74c80, 0x000001f869c75178]
Event: 256.306 Thread 0x000001f87f6793c0 4589       3       java.lang.Module::getLayer (43 bytes)
Event: 256.307 Thread 0x000001f87f6793c0 nmethod 4589 0x000001f869c75310 code [0x000001f869c754e0, 0x000001f869c75888]
Event: 256.342 Thread 0x000001f87f6793c0 4591       3       com.sun.org.apache.xerces.internal.util.AugmentationsImpl::<init> (17 bytes)
Event: 256.343 Thread 0x000001f87f6793c0 nmethod 4591 0x000001f869c75990 code [0x000001f869c75b40, 0x000001f869c75f18]
Event: 256.343 Thread 0x000001f87f6793c0 4592       3       com.sun.org.apache.xerces.internal.util.AugmentationsImpl$SmallContainer::<init> (25 bytes)
Event: 256.347 Thread 0x000001f87f6793c0 nmethod 4592 0x000001f869c76090 code [0x000001f869c76240, 0x000001f869c764f8]
Event: 256.491 Thread 0x000001f87f6793c0 4593       1       jdk.xml.internal.XMLSecurityManager$Limit::systemProperty (5 bytes)
Event: 256.491 Thread 0x000001f87f6793c0 nmethod 4593 0x000001f87105a410 code [0x000001f87105a5a0, 0x000001f87105a678]
Event: 256.497 Thread 0x000001f87a4ffd40 4594       4       org.eclipse.osgi.internal.loader.BundleLoader::findClass (8 bytes)
Event: 256.510 Thread 0x000001f87a4ffd40 nmethod 4594 0x000001f87105a710 code [0x000001f87105a8a0, 0x000001f87105a948]
Event: 256.510 Thread 0x000001f87a4ffd40 4595   !   4       org.eclipse.osgi.internal.loader.BundleLoader::findClass0 (470 bytes)

GC Heap History (20 events):
Event: 59.989 GC heap before
{Heap before GC invocations=12 (full 2):
 PSYoungGen      total 26624K, used 23552K [0x00000000eab00000, 0x00000000ec900000, 0x0000000100000000)
  eden space 23552K, 100% used [0x00000000eab00000,0x00000000ec200000,0x00000000ec200000)
  from space 3072K, 0% used [0x00000000ec280000,0x00000000ec280000,0x00000000ec580000)
  to   space 3584K, 0% used [0x00000000ec580000,0x00000000ec580000,0x00000000ec900000)
 ParOldGen       total 68608K, used 12227K [0x00000000c0000000, 0x00000000c4300000, 0x00000000eab00000)
  object space 68608K, 17% used [0x00000000c0000000,0x00000000c0bf0c78,0x00000000c4300000)
 Metaspace       used 38322K, committed 39104K, reserved 1114112K
  class space    used 3838K, committed 4224K, reserved 1048576K
}
Event: 59.994 GC heap after
{Heap after GC invocations=12 (full 2):
 PSYoungGen      total 25088K, used 1859K [0x00000000eab00000, 0x00000000ec780000, 0x0000000100000000)
  eden space 23040K, 0% used [0x00000000eab00000,0x00000000eab00000,0x00000000ec180000)
  from space 2048K, 90% used [0x00000000ec580000,0x00000000ec750ec8,0x00000000ec780000)
  to   space 2560K, 0% used [0x00000000ec280000,0x00000000ec280000,0x00000000ec500000)
 ParOldGen       total 68608K, used 12235K [0x00000000c0000000, 0x00000000c4300000, 0x00000000eab00000)
  object space 68608K, 17% used [0x00000000c0000000,0x00000000c0bf2c78,0x00000000c4300000)
 Metaspace       used 38322K, committed 39104K, reserved 1114112K
  class space    used 3838K, committed 4224K, reserved 1048576K
}
Event: 61.286 GC heap before
{Heap before GC invocations=13 (full 2):
 PSYoungGen      total 25088K, used 24899K [0x00000000eab00000, 0x00000000ec780000, 0x0000000100000000)
  eden space 23040K, 100% used [0x00000000eab00000,0x00000000ec180000,0x00000000ec180000)
  from space 2048K, 90% used [0x00000000ec580000,0x00000000ec750ec8,0x00000000ec780000)
  to   space 2560K, 0% used [0x00000000ec280000,0x00000000ec280000,0x00000000ec500000)
 ParOldGen       total 68608K, used 12235K [0x00000000c0000000, 0x00000000c4300000, 0x00000000eab00000)
  object space 68608K, 17% used [0x00000000c0000000,0x00000000c0bf2c78,0x00000000c4300000)
 Metaspace       used 38832K, committed 39616K, reserved 1114112K
  class space    used 3916K, committed 4288K, reserved 1048576K
}
Event: 61.294 GC heap after
{Heap after GC invocations=13 (full 2):
 PSYoungGen      total 24576K, used 2001K [0x00000000eab00000, 0x00000000ec600000, 0x0000000100000000)
  eden space 22528K, 0% used [0x00000000eab00000,0x00000000eab00000,0x00000000ec100000)
  from space 2048K, 97% used [0x00000000ec280000,0x00000000ec474420,0x00000000ec480000)
  to   space 1536K, 0% used [0x00000000ec480000,0x00000000ec480000,0x00000000ec600000)
 ParOldGen       total 68608K, used 14013K [0x00000000c0000000, 0x00000000c4300000, 0x00000000eab00000)
  object space 68608K, 20% used [0x00000000c0000000,0x00000000c0daf6e0,0x00000000c4300000)
 Metaspace       used 38832K, committed 39616K, reserved 1114112K
  class space    used 3916K, committed 4288K, reserved 1048576K
}
Event: 62.111 GC heap before
{Heap before GC invocations=14 (full 2):
 PSYoungGen      total 24576K, used 24529K [0x00000000eab00000, 0x00000000ec600000, 0x0000000100000000)
  eden space 22528K, 100% used [0x00000000eab00000,0x00000000ec100000,0x00000000ec100000)
  from space 2048K, 97% used [0x00000000ec280000,0x00000000ec474420,0x00000000ec480000)
  to   space 1536K, 0% used [0x00000000ec480000,0x00000000ec480000,0x00000000ec600000)
 ParOldGen       total 68608K, used 14013K [0x00000000c0000000, 0x00000000c4300000, 0x00000000eab00000)
  object space 68608K, 20% used [0x00000000c0000000,0x00000000c0daf6e0,0x00000000c4300000)
 Metaspace       used 38874K, committed 39680K, reserved 1114112K
  class space    used 3918K, committed 4288K, reserved 1048576K
}
Event: 62.120 GC heap after
{Heap after GC invocations=14 (full 2):
 PSYoungGen      total 23040K, used 1506K [0x00000000eab00000, 0x00000000ec980000, 0x0000000100000000)
  eden space 21504K, 0% used [0x00000000eab00000,0x00000000eab00000,0x00000000ec000000)
  from space 1536K, 98% used [0x00000000ec480000,0x00000000ec5f8800,0x00000000ec600000)
  to   space 4608K, 0% used [0x00000000ec000000,0x00000000ec000000,0x00000000ec480000)
 ParOldGen       total 68608K, used 16341K [0x00000000c0000000, 0x00000000c4300000, 0x00000000eab00000)
  object space 68608K, 23% used [0x00000000c0000000,0x00000000c0ff5700,0x00000000c4300000)
 Metaspace       used 38874K, committed 39680K, reserved 1114112K
  class space    used 3918K, committed 4288K, reserved 1048576K
}
Event: 63.234 GC heap before
{Heap before GC invocations=15 (full 2):
 PSYoungGen      total 23040K, used 23010K [0x00000000eab00000, 0x00000000ec980000, 0x0000000100000000)
  eden space 21504K, 100% used [0x00000000eab00000,0x00000000ec000000,0x00000000ec000000)
  from space 1536K, 98% used [0x00000000ec480000,0x00000000ec5f8800,0x00000000ec600000)
  to   space 4608K, 0% used [0x00000000ec000000,0x00000000ec000000,0x00000000ec480000)
 ParOldGen       total 68608K, used 16341K [0x00000000c0000000, 0x00000000c4300000, 0x00000000eab00000)
  object space 68608K, 23% used [0x00000000c0000000,0x00000000c0ff5700,0x00000000c4300000)
 Metaspace       used 40139K, committed 40960K, reserved 1114112K
  class space    used 4076K, committed 4416K, reserved 1048576K
}
Event: 63.239 GC heap after
{Heap after GC invocations=15 (full 2):
 PSYoungGen      total 23552K, used 1590K [0x00000000eab00000, 0x00000000ec500000, 0x0000000100000000)
  eden space 21504K, 0% used [0x00000000eab00000,0x00000000eab00000,0x00000000ec000000)
  from space 2048K, 77% used [0x00000000ec000000,0x00000000ec18da88,0x00000000ec200000)
  to   space 2560K, 0% used [0x00000000ec280000,0x00000000ec280000,0x00000000ec500000)
 ParOldGen       total 68608K, used 17845K [0x00000000c0000000, 0x00000000c4300000, 0x00000000eab00000)
  object space 68608K, 26% used [0x00000000c0000000,0x00000000c116d780,0x00000000c4300000)
 Metaspace       used 40139K, committed 40960K, reserved 1114112K
  class space    used 4076K, committed 4416K, reserved 1048576K
}
Event: 65.893 GC heap before
{Heap before GC invocations=16 (full 2):
 PSYoungGen      total 23552K, used 23094K [0x00000000eab00000, 0x00000000ec500000, 0x0000000100000000)
  eden space 21504K, 100% used [0x00000000eab00000,0x00000000ec000000,0x00000000ec000000)
  from space 2048K, 77% used [0x00000000ec000000,0x00000000ec18da88,0x00000000ec200000)
  to   space 2560K, 0% used [0x00000000ec280000,0x00000000ec280000,0x00000000ec500000)
 ParOldGen       total 68608K, used 17845K [0x00000000c0000000, 0x00000000c4300000, 0x00000000eab00000)
  object space 68608K, 26% used [0x00000000c0000000,0x00000000c116d780,0x00000000c4300000)
 Metaspace       used 41446K, committed 42304K, reserved 1114112K
  class space    used 4249K, committed 4608K, reserved 1048576K
}
Event: 65.899 GC heap after
{Heap after GC invocations=16 (full 2):
 PSYoungGen      total 22016K, used 416K [0x00000000eab00000, 0x00000000ec300000, 0x0000000100000000)
  eden space 21504K, 0% used [0x00000000eab00000,0x00000000eab00000,0x00000000ec000000)
  from space 512K, 81% used [0x00000000ec280000,0x00000000ec2e8010,0x00000000ec300000)
  to   space 1024K, 0% used [0x00000000ec100000,0x00000000ec100000,0x00000000ec200000)
 ParOldGen       total 68608K, used 19366K [0x00000000c0000000, 0x00000000c4300000, 0x00000000eab00000)
  object space 68608K, 28% used [0x00000000c0000000,0x00000000c12e9b50,0x00000000c4300000)
 Metaspace       used 41446K, committed 42304K, reserved 1114112K
  class space    used 4249K, committed 4608K, reserved 1048576K
}
Event: 69.970 GC heap before
{Heap before GC invocations=17 (full 2):
 PSYoungGen      total 22016K, used 21920K [0x00000000eab00000, 0x00000000ec300000, 0x0000000100000000)
  eden space 21504K, 100% used [0x00000000eab00000,0x00000000ec000000,0x00000000ec000000)
  from space 512K, 81% used [0x00000000ec280000,0x00000000ec2e8010,0x00000000ec300000)
  to   space 1024K, 0% used [0x00000000ec100000,0x00000000ec100000,0x00000000ec200000)
 ParOldGen       total 68608K, used 19366K [0x00000000c0000000, 0x00000000c4300000, 0x00000000eab00000)
  object space 68608K, 28% used [0x00000000c0000000,0x00000000c12e9b50,0x00000000c4300000)
 Metaspace       used 43119K, committed 43904K, reserved 1114112K
  class space    used 4396K, committed 4736K, reserved 1048576K
}
Event: 69.975 GC heap after
{Heap after GC invocations=17 (full 2):
 PSYoungGen      total 22528K, used 704K [0x00000000eab00000, 0x00000000ec300000, 0x0000000100000000)
  eden space 21504K, 0% used [0x00000000eab00000,0x00000000eab00000,0x00000000ec000000)
  from space 1024K, 68% used [0x00000000ec100000,0x00000000ec1b0020,0x00000000ec200000)
  to   space 1024K, 0% used [0x00000000ec200000,0x00000000ec200000,0x00000000ec300000)
 ParOldGen       total 68608K, used 19614K [0x00000000c0000000, 0x00000000c4300000, 0x00000000eab00000)
  object space 68608K, 28% used [0x00000000c0000000,0x00000000c1327b50,0x00000000c4300000)
 Metaspace       used 43119K, committed 43904K, reserved 1114112K
  class space    used 4396K, committed 4736K, reserved 1048576K
}
Event: 70.320 GC heap before
{Heap before GC invocations=18 (full 2):
 PSYoungGen      total 22528K, used 22208K [0x00000000eab00000, 0x00000000ec300000, 0x0000000100000000)
  eden space 21504K, 100% used [0x00000000eab00000,0x00000000ec000000,0x00000000ec000000)
  from space 1024K, 68% used [0x00000000ec100000,0x00000000ec1b0020,0x00000000ec200000)
  to   space 1024K, 0% used [0x00000000ec200000,0x00000000ec200000,0x00000000ec300000)
 ParOldGen       total 68608K, used 19614K [0x00000000c0000000, 0x00000000c4300000, 0x00000000eab00000)
  object space 68608K, 28% used [0x00000000c0000000,0x00000000c1327b50,0x00000000c4300000)
 Metaspace       used 43123K, committed 43904K, reserved 1114112K
  class space    used 4396K, committed 4736K, reserved 1048576K
}
Event: 70.326 GC heap after
{Heap after GC invocations=18 (full 2):
 PSYoungGen      total 21504K, used 1024K [0x00000000eab00000, 0x00000000ec600000, 0x0000000100000000)
  eden space 20480K, 0% used [0x00000000eab00000,0x00000000eab00000,0x00000000ebf00000)
  from space 1024K, 100% used [0x00000000ec200000,0x00000000ec300000,0x00000000ec300000)
  to   space 3072K, 0% used [0x00000000ebf00000,0x00000000ebf00000,0x00000000ec200000)
 ParOldGen       total 68608K, used 21067K [0x00000000c0000000, 0x00000000c4300000, 0x00000000eab00000)
  object space 68608K, 30% used [0x00000000c0000000,0x00000000c1492df0,0x00000000c4300000)
 Metaspace       used 43123K, committed 43904K, reserved 1114112K
  class space    used 4396K, committed 4736K, reserved 1048576K
}
Event: 70.551 GC heap before
{Heap before GC invocations=19 (full 2):
 PSYoungGen      total 21504K, used 21504K [0x00000000eab00000, 0x00000000ec600000, 0x0000000100000000)
  eden space 20480K, 100% used [0x00000000eab00000,0x00000000ebf00000,0x00000000ebf00000)
  from space 1024K, 100% used [0x00000000ec200000,0x00000000ec300000,0x00000000ec300000)
  to   space 3072K, 0% used [0x00000000ebf00000,0x00000000ebf00000,0x00000000ec200000)
 ParOldGen       total 68608K, used 21067K [0x00000000c0000000, 0x00000000c4300000, 0x00000000eab00000)
  object space 68608K, 30% used [0x00000000c0000000,0x00000000c1492df0,0x00000000c4300000)
 Metaspace       used 43123K, committed 43904K, reserved 1114112K
  class space    used 4396K, committed 4736K, reserved 1048576K
}
Event: 70.558 GC heap after
{Heap after GC invocations=19 (full 2):
 PSYoungGen      total 23040K, used 2212K [0x00000000eab00000, 0x00000000ec400000, 0x0000000100000000)
  eden space 20480K, 0% used [0x00000000eab00000,0x00000000eab00000,0x00000000ebf00000)
  from space 2560K, 86% used [0x00000000ebf00000,0x00000000ec129000,0x00000000ec180000)
  to   space 2560K, 0% used [0x00000000ec180000,0x00000000ec180000,0x00000000ec400000)
 ParOldGen       total 68608K, used 22103K [0x00000000c0000000, 0x00000000c4300000, 0x00000000eab00000)
  object space 68608K, 32% used [0x00000000c0000000,0x00000000c1595ef0,0x00000000c4300000)
 Metaspace       used 43123K, committed 43904K, reserved 1114112K
  class space    used 4396K, committed 4736K, reserved 1048576K
}
Event: 70.787 GC heap before
{Heap before GC invocations=20 (full 2):
 PSYoungGen      total 23040K, used 22692K [0x00000000eab00000, 0x00000000ec400000, 0x0000000100000000)
  eden space 20480K, 100% used [0x00000000eab00000,0x00000000ebf00000,0x00000000ebf00000)
  from space 2560K, 86% used [0x00000000ebf00000,0x00000000ec129000,0x00000000ec180000)
  to   space 2560K, 0% used [0x00000000ec180000,0x00000000ec180000,0x00000000ec400000)
 ParOldGen       total 68608K, used 22103K [0x00000000c0000000, 0x00000000c4300000, 0x00000000eab00000)
  object space 68608K, 32% used [0x00000000c0000000,0x00000000c1595ef0,0x00000000c4300000)
 Metaspace       used 43123K, committed 43904K, reserved 1114112K
  class space    used 4396K, committed 4736K, reserved 1048576K
}
Event: 70.796 GC heap after
{Heap after GC invocations=20 (full 2):
 PSYoungGen      total 23040K, used 2144K [0x00000000eab00000, 0x00000000ec400000, 0x0000000100000000)
  eden space 20480K, 0% used [0x00000000eab00000,0x00000000eab00000,0x00000000ebf00000)
  from space 2560K, 83% used [0x00000000ec180000,0x00000000ec398010,0x00000000ec400000)
  to   space 2560K, 0% used [0x00000000ebf00000,0x00000000ebf00000,0x00000000ec180000)
 ParOldGen       total 68608K, used 24219K [0x00000000c0000000, 0x00000000c4300000, 0x00000000eab00000)
  object space 68608K, 35% used [0x00000000c0000000,0x00000000c17a6ef0,0x00000000c4300000)
 Metaspace       used 43123K, committed 43904K, reserved 1114112K
  class space    used 4396K, committed 4736K, reserved 1048576K
}
Event: 71.956 GC heap before
{Heap before GC invocations=21 (full 2):
 PSYoungGen      total 23040K, used 22624K [0x00000000eab00000, 0x00000000ec400000, 0x0000000100000000)
  eden space 20480K, 100% used [0x00000000eab00000,0x00000000ebf00000,0x00000000ebf00000)
  from space 2560K, 83% used [0x00000000ec180000,0x00000000ec398010,0x00000000ec400000)
  to   space 2560K, 0% used [0x00000000ebf00000,0x00000000ebf00000,0x00000000ec180000)
 ParOldGen       total 68608K, used 24219K [0x00000000c0000000, 0x00000000c4300000, 0x00000000eab00000)
  object space 68608K, 35% used [0x00000000c0000000,0x00000000c17a6ef0,0x00000000c4300000)
 Metaspace       used 44660K, committed 45568K, reserved 1114112K
  class space    used 4528K, committed 4928K, reserved 1048576K
}
Event: 71.966 GC heap after
{Heap after GC invocations=21 (full 2):
 PSYoungGen      total 23040K, used 2004K [0x00000000eab00000, 0x00000000ec400000, 0x0000000100000000)
  eden space 20480K, 0% used [0x00000000eab00000,0x00000000eab00000,0x00000000ebf00000)
  from space 2560K, 78% used [0x00000000ebf00000,0x00000000ec0f5310,0x00000000ec180000)
  to   space 2560K, 0% used [0x00000000ec180000,0x00000000ec180000,0x00000000ec400000)
 ParOldGen       total 68608K, used 26251K [0x00000000c0000000, 0x00000000c4300000, 0x00000000eab00000)
  object space 68608K, 38% used [0x00000000c0000000,0x00000000c19a2f00,0x00000000c4300000)
 Metaspace       used 44660K, committed 45568K, reserved 1114112K
  class space    used 4528K, committed 4928K, reserved 1048576K
}

Dll operation events (10 events):
Event: 0.021 Loaded shared library c:\Users\SNC\.vscode\extensions\redhat.java-1.36.0-win32-x64\jre\17.0.13-win32-x86_64\bin\java.dll
Event: 0.842 Loaded shared library c:\Users\SNC\.vscode\extensions\redhat.java-1.36.0-win32-x64\jre\17.0.13-win32-x86_64\bin\zip.dll
Event: 0.851 Loaded shared library C:\Users\SNC\.vscode\extensions\redhat.java-1.36.0-win32-x64\jre\17.0.13-win32-x86_64\bin\instrument.dll
Event: 0.877 Loaded shared library C:\Users\SNC\.vscode\extensions\redhat.java-1.36.0-win32-x64\jre\17.0.13-win32-x86_64\bin\net.dll
Event: 0.885 Loaded shared library C:\Users\SNC\.vscode\extensions\redhat.java-1.36.0-win32-x64\jre\17.0.13-win32-x86_64\bin\nio.dll
Event: 0.902 Loaded shared library C:\Users\SNC\.vscode\extensions\redhat.java-1.36.0-win32-x64\jre\17.0.13-win32-x86_64\bin\zip.dll
Event: 1.010 Loaded shared library C:\Users\SNC\.vscode\extensions\redhat.java-1.36.0-win32-x64\jre\17.0.13-win32-x86_64\bin\jimage.dll
Event: 1.420 Loaded shared library c:\Users\SNC\.vscode\extensions\redhat.java-1.36.0-win32-x64\jre\17.0.13-win32-x86_64\bin\verify.dll
Event: 22.001 Loaded shared library C:\Users\SNC\AppData\Roaming\Code\User\globalStorage\redhat.java\1.36.0\config_ss_win\org.eclipse.equinox.launcher\org.eclipse.equinox.launcher.win32.win32.x86_64_1.2.1100.v20240722-2106\eclipse_11904.dll
Event: 30.788 Loaded shared library C:\Users\SNC\AppData\Local\Temp\jna-82248\jna11748036854488427835.dll

Deoptimization events (20 events):
Event: 72.373 Thread 0x000001f87fa023d0 Uncommon trap: trap_request=0xffffff45 fr.pc=0x000001f870f8f4d8 relative=0x0000000000000318
Event: 72.373 Thread 0x000001f87fa023d0 Uncommon trap: reason=unstable_if action=reinterpret pc=0x000001f870f8f4d8 method=java.lang.ThreadLocal$ThreadLocalMap.set(Ljava/lang/ThreadLocal;Ljava/lang/Object;)V @ 116 c2
Event: 72.373 Thread 0x000001f87fa023d0 DEOPT PACKING pc=0x000001f870f8f4d8 sp=0x0000009be6dff1c0
Event: 72.373 Thread 0x000001f87fa023d0 DEOPT UNPACKING pc=0x000001f8708b669d sp=0x0000009be6dff0e0 mode 2
Event: 72.589 Thread 0x000001f87fa023d0 Uncommon trap: trap_request=0xffffff45 fr.pc=0x000001f871012f8c relative=0x000000000000008c
Event: 72.589 Thread 0x000001f87fa023d0 Uncommon trap: reason=unstable_if action=reinterpret pc=0x000001f871012f8c method=java.util.Hashtable$Enumerator.nextElement()Ljava/lang/Object; @ 87 c2
Event: 72.589 Thread 0x000001f87fa023d0 DEOPT PACKING pc=0x000001f871012f8c sp=0x0000009be6dfef90
Event: 72.589 Thread 0x000001f87fa023d0 DEOPT UNPACKING pc=0x000001f8708b669d sp=0x0000009be6dfef10 mode 2
Event: 256.458 Thread 0x000001f87fa01ec0 Uncommon trap: trap_request=0xffffffde fr.pc=0x000001f870fb1e88 relative=0x0000000000000b88
Event: 256.461 Thread 0x000001f87fa01ec0 Uncommon trap: reason=class_check action=maybe_recompile pc=0x000001f870fb1e88 method=java.util.Spliterators$1Adapter.hasNext()Z @ 12 c2
Event: 256.461 Thread 0x000001f87fa01ec0 DEOPT PACKING pc=0x000001f870fb1e88 sp=0x0000009be62fe8d0
Event: 256.462 Thread 0x000001f87fa01ec0 DEOPT UNPACKING pc=0x000001f8708b669d sp=0x0000009be62fe898 mode 2
Event: 256.465 Thread 0x000001f87fa01ec0 Uncommon trap: trap_request=0xffffffde fr.pc=0x000001f870fb1e88 relative=0x0000000000000b88
Event: 256.465 Thread 0x000001f87fa01ec0 Uncommon trap: reason=class_check action=maybe_recompile pc=0x000001f870fb1e88 method=java.util.Spliterators$1Adapter.hasNext()Z @ 12 c2
Event: 256.465 Thread 0x000001f87fa01ec0 DEOPT PACKING pc=0x000001f870fb1e88 sp=0x0000009be62fe8e0
Event: 256.465 Thread 0x000001f87fa01ec0 DEOPT UNPACKING pc=0x000001f8708b669d sp=0x0000009be62fe8a8 mode 2
Event: 256.466 Thread 0x000001f87fa01ec0 Uncommon trap: trap_request=0xffffffde fr.pc=0x000001f870fb1e88 relative=0x0000000000000b88
Event: 256.466 Thread 0x000001f87fa01ec0 Uncommon trap: reason=class_check action=maybe_recompile pc=0x000001f870fb1e88 method=java.util.Spliterators$1Adapter.hasNext()Z @ 12 c2
Event: 256.466 Thread 0x000001f87fa01ec0 DEOPT PACKING pc=0x000001f870fb1e88 sp=0x0000009be62fe8e0
Event: 256.466 Thread 0x000001f87fa01ec0 DEOPT UNPACKING pc=0x000001f8708b669d sp=0x0000009be62fe8a8 mode 2

Classes loaded (20 events):
Event: 254.911 Loading class java/util/concurrent/CompletableFuture$UniApply
Event: 254.941 Loading class java/util/concurrent/CompletableFuture$UniCompletion
Event: 255.212 Loading class java/util/concurrent/CompletableFuture$UniCompletion done
Event: 255.212 Loading class java/util/concurrent/CompletableFuture$UniApply done
Event: 255.232 Loading class java/util/concurrent/ForkJoinTask$Aux
Event: 255.255 Loading class java/util/concurrent/ForkJoinTask$Aux done
Event: 255.466 Loading class java/util/concurrent/CancellationException
Event: 255.474 Loading class java/util/concurrent/CancellationException done
Event: 255.492 Loading class java/lang/invoke/VarHandleReferences$Array
Event: 255.844 Loading class java/lang/invoke/VarHandleReferences$Array done
Event: 255.858 Loading class java/util/concurrent/ForkJoinPool$DefaultCommonPoolForkJoinWorkerThreadFactory$1
Event: 255.866 Loading class java/util/concurrent/ForkJoinPool$DefaultCommonPoolForkJoinWorkerThreadFactory$1 done
Event: 255.891 Loading class java/util/concurrent/CompletableFuture$UniAccept
Event: 255.901 Loading class java/util/concurrent/CompletableFuture$UniAccept done
Event: 255.902 Loading class java/util/concurrent/CompletableFuture$UniExceptionally
Event: 256.079 Loading class java/util/concurrent/CompletableFuture$UniExceptionally done
Event: 256.307 Loading class java/util/concurrent/Executors$DelegatedScheduledExecutorService
Event: 256.308 Loading class java/util/concurrent/Executors$DelegatedExecutorService
Event: 256.315 Loading class java/util/concurrent/Executors$DelegatedExecutorService done
Event: 256.315 Loading class java/util/concurrent/Executors$DelegatedScheduledExecutorService done

Classes unloaded (7 events):
Event: 29.307 Thread 0x000001f87a4c6600 Unloading class 0x0000000100221400 'java/lang/invoke/LambdaForm$MH+0x0000000100221400'
Event: 29.307 Thread 0x000001f87a4c6600 Unloading class 0x0000000100221000 'java/lang/invoke/LambdaForm$MH+0x0000000100221000'
Event: 29.308 Thread 0x000001f87a4c6600 Unloading class 0x0000000100220c00 'java/lang/invoke/LambdaForm$MH+0x0000000100220c00'
Event: 29.308 Thread 0x000001f87a4c6600 Unloading class 0x0000000100220800 'java/lang/invoke/LambdaForm$MH+0x0000000100220800'
Event: 29.308 Thread 0x000001f87a4c6600 Unloading class 0x0000000100220400 'java/lang/invoke/LambdaForm$BMH+0x0000000100220400'
Event: 29.308 Thread 0x000001f87a4c6600 Unloading class 0x0000000100220000 'java/lang/invoke/LambdaForm$DMH+0x0000000100220000'
Event: 29.308 Thread 0x000001f87a4c6600 Unloading class 0x000000010021c400 'java/lang/invoke/LambdaForm$DMH+0x000000010021c400'

Classes redefined (0 events):
No events

Internal exceptions (20 events):
Event: 60.085 Thread 0x000001f8020b3a10 Exception <a 'java/lang/NoSuchMethodError'{0x00000000eab592a0}: 'int java.lang.invoke.DirectMethodHandle$Holder.invokeVirtual(java.lang.Object, java.lang.Object)'> (0x00000000eab592a0) 
thrown [s\src\hotspot\share\interpreter\linkResolver.cpp, line 759]
Event: 60.109 Thread 0x000001f8020b3a10 Exception <a 'java/lang/NoSuchMethodError'{0x00000000eab5d810}: 'int java.lang.invoke.DirectMethodHandle$Holder.invokeStaticInit(java.lang.Object, int, int)'> (0x00000000eab5d810) 
thrown [s\src\hotspot\share\interpreter\linkResolver.cpp, line 759]
Event: 60.161 Thread 0x000001f8020b3a10 Exception <a 'java/lang/NoSuchMethodError'{0x00000000eab652a8}: 'int java.lang.invoke.DirectMethodHandle$Holder.invokeStaticInit(java.lang.Object, long, long)'> (0x00000000eab652a8) 
thrown [s\src\hotspot\share\interpreter\linkResolver.cpp, line 759]
Event: 60.188 Thread 0x000001f8020b3a10 Exception <a 'java/lang/NoSuchMethodError'{0x00000000eab6c680}: 'int java.lang.invoke.DirectMethodHandle$Holder.invokeStaticInit(java.lang.Object, float, float)'> (0x00000000eab6c680) 
thrown [s\src\hotspot\share\interpreter\linkResolver.cpp, line 759]
Event: 60.223 Thread 0x000001f8020b3a10 Exception <a 'java/lang/NoSuchMethodError'{0x00000000eab73780}: 'int java.lang.invoke.DirectMethodHandle$Holder.invokeStaticInit(java.lang.Object, double, double)'> (0x00000000eab73780) 
thrown [s\src\hotspot\share\interpreter\linkResolver.cpp, line 759]
Event: 60.235 Thread 0x000001f8020b3a10 Exception <a 'java/lang/NoSuchMethodError'{0x00000000eab78030}: 'int java.lang.invoke.DirectMethodHandle$Holder.invokeStatic(java.lang.Object, long)'> (0x00000000eab78030) 
thrown [s\src\hotspot\share\interpreter\linkResolver.cpp, line 759]
Event: 60.276 Thread 0x000001f8020b3a10 Exception <a 'java/lang/NoSuchMethodError'{0x00000000eab9ffd8}: 'int java.lang.invoke.Invokers$Holder.linkToTargetMethod(java.lang.Object, java.lang.Object)'> (0x00000000eab9ffd8) 
thrown [s\src\hotspot\share\interpreter\linkResolver.cpp, line 759]
Event: 69.186 Thread 0x000001f87fa01ec0 Exception <a 'java/lang/NoSuchMethodError'{0x00000000ebacbf98}: 'java.lang.Object java.lang.invoke.DirectMethodHandle$Holder.invokeSpecial(java.lang.Object, java.lang.Object, int, long)'> (0x00000000ebacbf98) 
thrown [s\src\hotspot\share\interpreter\linkResolver.cpp, line 759]
Event: 70.986 Thread 0x000001f87fa023d0 Exception <a 'java/lang/NoSuchMethodError'{0x00000000eb729740}: 'int java.lang.invoke.DirectMethodHandle$Holder.invokeSpecial(java.lang.Object, java.lang.Object, java.lang.Object, java.lang.Object)'> (0x00000000eb729740) 
thrown [s\src\hotspot\share\interpreter\linkResolver.cpp, line 759]
Event: 70.994 Thread 0x000001f87fa023d0 Exception <a 'java/lang/NoSuchMethodError'{0x00000000eb742c90}: 'java.lang.Object java.lang.invoke.DirectMethodHandle$Holder.invokeStatic(java.lang.Object, int, java.lang.Object, java.lang.Object)'> (0x00000000eb742c90) 
thrown [s\src\hotspot\share\interpreter\linkResolver.cpp, line 759]
Event: 70.997 Thread 0x000001f87fa023d0 Exception <a 'java/lang/NoSuchMethodError'{0x00000000eb7467c8}: 'java.lang.Object java.lang.invoke.DelegatingMethodHandle$Holder.delegate(java.lang.Object, int, java.lang.Object, java.lang.Object)'> (0x00000000eb7467c8) 
thrown [s\src\hotspot\share\interpreter\linkResolver.cpp, line 759]
Event: 71.004 Thread 0x000001f87fa023d0 Exception <a 'java/lang/NoSuchMethodError'{0x00000000eb75bbe0}: 'int java.lang.invoke.Invokers$Holder.linkToTargetMethod(java.lang.Object, java.lang.Object, java.lang.Object)'> (0x00000000eb75bbe0) 
thrown [s\src\hotspot\share\interpreter\linkResolver.cpp, line 759]
Event: 71.267 Thread 0x000001f87fa023d0 Exception <a 'java/lang/NoSuchMethodError'{0x00000000eb96feb8}: 'int java.lang.invoke.DirectMethodHandle$Holder.invokeStatic(java.lang.Object, java.lang.Object, java.lang.Object, int)'> (0x00000000eb96feb8) 
thrown [s\src\hotspot\share\interpreter\linkResolver.cpp, line 759]
Event: 71.392 Thread 0x000001f87fa023d0 Exception <a 'java/lang/NoSuchMethodError'{0x00000000eba765f8}: 'int java.lang.invoke.DirectMethodHandle$Holder.invokeSpecialIFC(java.lang.Object, java.lang.Object, java.lang.Object)'> (0x00000000eba765f8) 
thrown [s\src\hotspot\share\interpreter\linkResolver.cpp, line 759]
Event: 71.558 Thread 0x000001f87fa023d0 Exception <a 'java/io/FileNotFoundException'{0x00000000ebc19938}> (0x00000000ebc19938) 
thrown [s\src\hotspot\share\prims\jni.cpp, line 516]
Event: 71.559 Thread 0x000001f87fa023d0 Exception <a 'java/io/FileNotFoundException'{0x00000000ebc1a920}> (0x00000000ebc1a920) 
thrown [s\src\hotspot\share\prims\jni.cpp, line 516]
Event: 72.257 Thread 0x000001f87fa023d0 Exception <a 'java/lang/NoSuchMethodError'{0x00000000eac44690}: 'int java.lang.invoke.DirectMethodHandle$Holder.invokeStatic(java.lang.Object, int, java.lang.Object)'> (0x00000000eac44690) 
thrown [s\src\hotspot\share\interpreter\linkResolver.cpp, line 759]
Event: 72.290 Thread 0x000001f87fa023d0 Exception <a 'java/io/FileNotFoundException'{0x00000000eacd5cb8}> (0x00000000eacd5cb8) 
thrown [s\src\hotspot\share\prims\jni.cpp, line 516]
Event: 72.290 Thread 0x000001f87fa023d0 Exception <a 'java/io/FileNotFoundException'{0x00000000eacd6ca0}> (0x00000000eacd6ca0) 
thrown [s\src\hotspot\share\prims\jni.cpp, line 516]
Event: 72.291 Thread 0x000001f87fa023d0 Exception <a 'java/io/FileNotFoundException'{0x00000000eacd7a00}> (0x00000000eacd7a00) 
thrown [s\src\hotspot\share\prims\jni.cpp, line 516]

VM Operations (20 events):
Event: 70.320 Executing VM operation: ParallelGCFailedAllocation
Event: 70.326 Executing VM operation: ParallelGCFailedAllocation done
Event: 70.551 Executing VM operation: ParallelGCFailedAllocation
Event: 70.558 Executing VM operation: ParallelGCFailedAllocation done
Event: 70.787 Executing VM operation: ParallelGCFailedAllocation
Event: 70.796 Executing VM operation: ParallelGCFailedAllocation done
Event: 71.404 Executing VM operation: HandshakeAllThreads
Event: 71.404 Executing VM operation: HandshakeAllThreads done
Event: 71.914 Executing VM operation: HandshakeAllThreads
Event: 71.914 Executing VM operation: HandshakeAllThreads done
Event: 71.914 Executing VM operation: Cleanup
Event: 71.914 Executing VM operation: Cleanup done
Event: 71.956 Executing VM operation: ParallelGCFailedAllocation
Event: 71.966 Executing VM operation: ParallelGCFailedAllocation done
Event: 72.970 Executing VM operation: Cleanup
Event: 72.970 Executing VM operation: Cleanup done
Event: 254.343 Executing VM operation: Cleanup
Event: 254.452 Executing VM operation: Cleanup done
Event: 256.470 Executing VM operation: Cleanup
Event: 256.470 Executing VM operation: Cleanup done

Memory protections (0 events):
No events

Nmethod flushes (0 events):
No events

Events (20 events):
Event: 30.916 Thread 0x000001f800509f90 Thread added: 0x000001f87fa03810
Event: 31.341 Thread 0x000001f87f6fd7a0 Thread exited: 0x000001f87f6fd7a0
Event: 31.373 Thread 0x000001f800509f90 Thread added: 0x000001f87fa01ec0
Event: 31.503 Thread 0x000001f800509f90 Thread added: 0x000001f87fa02df0
Event: 31.509 Thread 0x000001f800509f90 Thread added: 0x000001f87fa00f90
Event: 36.926 Thread 0x000001f87fa00f90 Thread exited: 0x000001f87fa00f90
Event: 39.716 Thread 0x000001f800509f90 Thread added: 0x000001f87fa028e0
Event: 49.164 Thread 0x000001f866690a00 Thread added: 0x000001f87fa00060
Event: 49.165 Thread 0x000001f866690a00 Thread added: 0x000001f87fa00570
Event: 49.165 Thread 0x000001f866690a00 Thread added: 0x000001f87fa03300
Event: 49.166 Thread 0x000001f866690a00 Thread added: 0x000001f87fa019b0
Event: 49.166 Thread 0x000001f866690a00 Thread added: 0x000001f87fa00a80
Event: 49.347 Thread 0x000001f866690a00 Thread added: 0x000001f87fa00f90
Event: 50.512 Thread 0x000001f87fa01ec0 Thread added: 0x000001f87fa023d0
Event: 51.981 Thread 0x000001f866690a00 Thread added: 0x000001f8020b20c0
Event: 51.981 Thread 0x000001f866690a00 Thread added: 0x000001f8020b3a10
Event: 53.161 Thread 0x000001f87fa028e0 Thread exited: 0x000001f87fa028e0
Event: 129.875 Thread 0x000001f87fa02df0 Thread exited: 0x000001f87fa02df0
Event: 255.889 Thread 0x000001f8020b3a10 Thread added: 0x000001f8020b0770
Event: 256.333 Thread 0x000001f8020b3a10 Thread added: 0x000001f8020ad4d0


Dynamic libraries:
0x00007ff78e640000 - 0x00007ff78e64e000 	c:\Users\SNC\.vscode\extensions\redhat.java-1.36.0-win32-x64\jre\17.0.13-win32-x86_64\bin\java.exe
0x00007ffb2e970000 - 0x00007ffb2eb68000 	C:\Windows\SYSTEM32\ntdll.dll
0x00007ffb2d3c0000 - 0x00007ffb2d482000 	C:\Windows\System32\KERNEL32.DLL
0x00007ffb2c210000 - 0x00007ffb2c50e000 	C:\Windows\System32\KERNELBASE.dll
0x00007ffb2c840000 - 0x00007ffb2c940000 	C:\Windows\System32\ucrtbase.dll
0x00007ffb1f190000 - 0x00007ffb1f1a7000 	c:\Users\SNC\.vscode\extensions\redhat.java-1.36.0-win32-x64\jre\17.0.13-win32-x86_64\bin\jli.dll
0x00007ffb2e480000 - 0x00007ffb2e61d000 	C:\Windows\System32\USER32.dll
0x00007ffb2c010000 - 0x00007ffb2c032000 	C:\Windows\System32\win32u.dll
0x00007ffb2e450000 - 0x00007ffb2e47b000 	C:\Windows\System32\GDI32.dll
0x00007ffb2c720000 - 0x00007ffb2c837000 	C:\Windows\System32\gdi32full.dll
0x00007ffb2c170000 - 0x00007ffb2c20d000 	C:\Windows\System32\msvcp_win.dll
0x00007ffb1e450000 - 0x00007ffb1e46e000 	c:\Users\SNC\.vscode\extensions\redhat.java-1.36.0-win32-x64\jre\17.0.13-win32-x86_64\bin\VCRUNTIME140.dll
0x00007ffb107c0000 - 0x00007ffb10a5a000 	C:\Windows\WinSxS\amd64_microsoft.windows.common-controls_6595b64144ccf1df_6.0.19041.4355_none_60b8b9eb71f62e16\COMCTL32.dll
0x00007ffb2e800000 - 0x00007ffb2e89e000 	C:\Windows\System32\msvcrt.dll
0x00007ffb2d490000 - 0x00007ffb2d4bf000 	C:\Windows\System32\IMM32.DLL
0x00007ffb20ee0000 - 0x00007ffb20eec000 	c:\Users\SNC\.vscode\extensions\redhat.java-1.36.0-win32-x64\jre\17.0.13-win32-x86_64\bin\vcruntime140_1.dll
0x00007ffaea900000 - 0x00007ffaea98d000 	c:\Users\SNC\.vscode\extensions\redhat.java-1.36.0-win32-x64\jre\17.0.13-win32-x86_64\bin\msvcp140.dll
0x00007ffa78220000 - 0x00007ffa78e8b000 	c:\Users\SNC\.vscode\extensions\redhat.java-1.36.0-win32-x64\jre\17.0.13-win32-x86_64\bin\server\jvm.dll
0x00007ffb2e390000 - 0x00007ffb2e442000 	C:\Windows\System32\ADVAPI32.dll
0x00007ffb2ca70000 - 0x00007ffb2cb10000 	C:\Windows\System32\sechost.dll
0x00007ffb2e620000 - 0x00007ffb2e743000 	C:\Windows\System32\RPCRT4.dll
0x00007ffb2c040000 - 0x00007ffb2c067000 	C:\Windows\System32\bcrypt.dll
0x00007ffb2dc20000 - 0x00007ffb2dc8b000 	C:\Windows\System32\WS2_32.dll
0x00007ffb2be70000 - 0x00007ffb2bebb000 	C:\Windows\SYSTEM32\POWRPROF.dll
0x00007ffb126d0000 - 0x00007ffb126f7000 	C:\Windows\SYSTEM32\WINMM.dll
0x00007ffb23420000 - 0x00007ffb2342a000 	C:\Windows\SYSTEM32\VERSION.dll
0x00007ffb2be50000 - 0x00007ffb2be62000 	C:\Windows\SYSTEM32\UMPDC.dll
0x00007ffb2a830000 - 0x00007ffb2a842000 	C:\Windows\SYSTEM32\kernel.appcore.dll
0x00007ffb20a20000 - 0x00007ffb20a2a000 	c:\Users\SNC\.vscode\extensions\redhat.java-1.36.0-win32-x64\jre\17.0.13-win32-x86_64\bin\jimage.dll
0x00007ffb29d70000 - 0x00007ffb29f54000 	C:\Windows\SYSTEM32\DBGHELP.DLL
0x00007ffb21c40000 - 0x00007ffb21c74000 	C:\Windows\SYSTEM32\dbgcore.DLL
0x00007ffb2c070000 - 0x00007ffb2c0f2000 	C:\Windows\System32\bcryptPrimitives.dll
0x00007ffb1f1f0000 - 0x00007ffb1f1fe000 	c:\Users\SNC\.vscode\extensions\redhat.java-1.36.0-win32-x64\jre\17.0.13-win32-x86_64\bin\instrument.dll
0x00007ffaea8d0000 - 0x00007ffaea8f5000 	c:\Users\SNC\.vscode\extensions\redhat.java-1.36.0-win32-x64\jre\17.0.13-win32-x86_64\bin\java.dll
0x00007ffaf5a20000 - 0x00007ffaf5a38000 	c:\Users\SNC\.vscode\extensions\redhat.java-1.36.0-win32-x64\jre\17.0.13-win32-x86_64\bin\zip.dll
0x00007ffb2cb20000 - 0x00007ffb2d28f000 	C:\Windows\System32\SHELL32.dll
0x00007ffb2a070000 - 0x00007ffb2a814000 	C:\Windows\SYSTEM32\windows.storage.dll
0x00007ffb2df60000 - 0x00007ffb2e2b3000 	C:\Windows\System32\combase.dll
0x00007ffb2b970000 - 0x00007ffb2b99e000 	C:\Windows\SYSTEM32\Wldp.dll
0x00007ffb2e2c0000 - 0x00007ffb2e38d000 	C:\Windows\System32\OLEAUT32.dll
0x00007ffb2d5e0000 - 0x00007ffb2d68d000 	C:\Windows\System32\SHCORE.dll
0x00007ffb2df00000 - 0x00007ffb2df55000 	C:\Windows\System32\shlwapi.dll
0x00007ffb2bf40000 - 0x00007ffb2bf64000 	C:\Windows\SYSTEM32\profapi.dll
0x00007ffaea8b0000 - 0x00007ffaea8c9000 	C:\Users\SNC\.vscode\extensions\redhat.java-1.36.0-win32-x64\jre\17.0.13-win32-x86_64\bin\net.dll
0x00007ffb20530000 - 0x00007ffb2063d000 	C:\Windows\SYSTEM32\WINHTTP.dll
0x00007ffb2b6d0000 - 0x00007ffb2b73a000 	C:\Windows\system32\mswsock.dll
0x00007ffaea890000 - 0x00007ffaea8a6000 	C:\Users\SNC\.vscode\extensions\redhat.java-1.36.0-win32-x64\jre\17.0.13-win32-x86_64\bin\nio.dll
0x00007ffb1ee80000 - 0x00007ffb1ee90000 	c:\Users\SNC\.vscode\extensions\redhat.java-1.36.0-win32-x64\jre\17.0.13-win32-x86_64\bin\verify.dll
0x00007ffafd4a0000 - 0x00007ffafd4e5000 	C:\Users\SNC\AppData\Roaming\Code\User\globalStorage\redhat.java\1.36.0\config_ss_win\org.eclipse.equinox.launcher\org.eclipse.equinox.launcher.win32.win32.x86_64_1.2.1100.v20240722-2106\eclipse_11904.dll
0x00007ffb2d290000 - 0x00007ffb2d3bb000 	C:\Windows\System32\ole32.dll
0x00007ffb2b8d0000 - 0x00007ffb2b8e8000 	C:\Windows\SYSTEM32\CRYPTSP.dll
0x00007ffb2aff0000 - 0x00007ffb2b024000 	C:\Windows\system32\rsaenh.dll
0x00007ffb2bec0000 - 0x00007ffb2beee000 	C:\Windows\SYSTEM32\USERENV.dll
0x00007ffb2b8c0000 - 0x00007ffb2b8cc000 	C:\Windows\SYSTEM32\CRYPTBASE.dll
0x00007ffb2b3b0000 - 0x00007ffb2b3eb000 	C:\Windows\SYSTEM32\IPHLPAPI.DLL
0x00007ffb2cb10000 - 0x00007ffb2cb18000 	C:\Windows\System32\NSI.dll
0x00007ffb213a0000 - 0x00007ffb213b7000 	C:\Windows\SYSTEM32\dhcpcsvc6.DLL
0x00007ffb21990000 - 0x00007ffb219ad000 	C:\Windows\SYSTEM32\dhcpcsvc.DLL
0x00007ffb2b3f0000 - 0x00007ffb2b4ba000 	C:\Windows\SYSTEM32\DNSAPI.dll
0x00007ffae6fd0000 - 0x00007ffae7019000 	C:\Users\SNC\AppData\Local\Temp\jna-82248\jna11748036854488427835.dll
0x00007ffb2e920000 - 0x00007ffb2e928000 	C:\Windows\System32\PSAPI.DLL

dbghelp: loaded successfully - version: 4.0.5 - missing functions: none
symbol engine: initialized successfully - sym options: 0x614 - pdb path: .;c:\Users\SNC\.vscode\extensions\redhat.java-1.36.0-win32-x64\jre\17.0.13-win32-x86_64\bin;C:\Windows\SYSTEM32;C:\Windows\WinSxS\amd64_microsoft.windows.common-controls_6595b64144ccf1df_6.0.19041.4355_none_60b8b9eb71f62e16;c:\Users\SNC\.vscode\extensions\redhat.java-1.36.0-win32-x64\jre\17.0.13-win32-x86_64\bin\server;C:\Users\SNC\AppData\Roaming\Code\User\globalStorage\redhat.java\1.36.0\config_ss_win\org.eclipse.equinox.launcher\org.eclipse.equinox.launcher.win32.win32.x86_64_1.2.1100.v20240722-2106;C:\Users\SNC\AppData\Local\Temp\jna-82248

VM Arguments:
jvm_args: --add-modules=ALL-SYSTEM --add-opens=java.base/java.util=ALL-UNNAMED --add-opens=java.base/java.lang=ALL-UNNAMED --add-opens=java.base/sun.nio.fs=ALL-UNNAMED -Declipse.application=org.eclipse.jdt.ls.core.id1 -Dosgi.bundles.defaultStartLevel=4 -Declipse.product=org.eclipse.jdt.ls.core.product -Djava.import.generatesMetadataFilesAtProjectRoot=false -DDetectVMInstallationsJob.disabled=true -Dfile.encoding=utf8 -XX:+UseParallelGC -XX:GCTimeRatio=4 -XX:AdaptiveSizePolicyWeight=90 -Dsun.zip.disableMemoryMapping=true -Xmx1G -Xms100m -Xlog:disable -javaagent:c:\Users\SNC\.vscode\extensions\redhat.java-1.36.0-win32-x64\lombok\lombok-1.18.35.jar 
java_command: c:\Users\SNC\.vscode\extensions\redhat.java-1.36.0-win32-x64\server\plugins\org.eclipse.equinox.launcher_1.6.900.v20240613-2009.jar -configuration c:\Users\SNC\AppData\Roaming\Code\User\globalStorage\redhat.java\1.36.0\config_ss_win -data c:\Users\SNC\AppData\Roaming\Code\User\workspaceStorage\692bcfad043df00c9f4a67a20be57af4\redhat.java\ss_ws --pipe=\\.\pipe\lsp-2f44e5f538684d6edfa07883fa088ccf-sock
java_class_path (initial): c:\Users\SNC\.vscode\extensions\redhat.java-1.36.0-win32-x64\server\plugins\org.eclipse.equinox.launcher_1.6.900.v20240613-2009.jar
Launcher Type: SUN_STANDARD

[Global flags]
    uintx AdaptiveSizePolicyWeight                 = 90                                        {product} {command line}
     intx CICompilerCount                          = 3                                         {product} {ergonomic}
    uintx GCTimeRatio                              = 4                                         {product} {command line}
   size_t InitialHeapSize                          = 104857600                                 {product} {command line}
   size_t MaxHeapSize                              = 1073741824                                {product} {command line}
   size_t MaxNewSize                               = 357564416                                 {product} {ergonomic}
   size_t MinHeapDeltaBytes                        = 524288                                    {product} {ergonomic}
   size_t MinHeapSize                              = 104857600                                 {product} {command line}
   size_t NewSize                                  = 34603008                                  {product} {ergonomic}
    uintx NonNMethodCodeHeapSize                   = 5832780                                {pd product} {ergonomic}
    uintx NonProfiledCodeHeapSize                  = 122912730                              {pd product} {ergonomic}
   size_t OldSize                                  = 70254592                                  {product} {ergonomic}
    uintx ProfiledCodeHeapSize                     = 122912730                              {pd product} {ergonomic}
    uintx ReservedCodeCacheSize                    = 251658240                              {pd product} {ergonomic}
     bool SegmentedCodeCache                       = true                                      {product} {ergonomic}
   size_t SoftMaxHeapSize                          = 1073741824                             {manageable} {ergonomic}
     bool UseCompressedClassPointers               = true                           {product lp64_product} {ergonomic}
     bool UseCompressedOops                        = true                           {product lp64_product} {ergonomic}
     bool UseLargePagesIndividualAllocation        = false                                  {pd product} {ergonomic}
     bool UseParallelGC                            = true                                      {product} {command line}

Logging:
Log output configuration:
 #0: stdout all=off uptime,level,tags
 #1: stderr all=off uptime,level,tags

Environment Variables:
JAVA_HOME=C:\Program Files\Java\jdk-19
PATH=C:\Program Files\Common Files\Oracle\Java\javapath;F:\oracle\dbhomeXE\bin;C:\app\SNC\product\18.0.0\dbhomeXE\bin;D:\oracle\dbhomeXE\bin;C:\Windows\system32;C:\Windows;C:\Windows\System32\Wbem;C:\Windows\System32\WindowsPowerShell\v1.0\;C:\Windows\System32\OpenSSH\;C:\Program Files\Java\jdk-19\bin;C:\Program Files\swipl\bin;C:\Program Files\Git\cmd;C:\Program Files (x86)\Eclipse\Sumo\bin\;C:\Program Files (x86)\Eclipse\Sumo\tools\;C:\Users\SNC\AppData\Roaming\nvm;C:\Program Files\nodejs;C:\Program Files\dotnet\;C:\Users\SNC\AppData\Local\Programs\Python\Python311\Scripts\;C:\Users\SNC\AppData\Local\Programs\Python\Python311\;C:\Users\SNC\AppData\Local\Microsoft\WindowsApps;C:\Program Files\JetBrains\IntelliJ IDEA Community Edition 2022.3.2\bin;;C:\Users\SNC\AppData\Local\Programs\Microsoft VS Code\bin;C:\Users\SNC\AppData\Roaming\npm;C:\Users\SNC\AppData\Roaming\nvm;C:\Program Files\nodejs
USERNAME=SNC
OS=Windows_NT
PROCESSOR_IDENTIFIER=Intel64 Family 6 Model 142 Stepping 12, GenuineIntel
TMP=C:\Users\SNC\AppData\Local\Temp
TEMP=C:\Users\SNC\AppData\Local\Temp



Periodic native trim disabled


---------------  S Y S T E M  ---------------

OS:
 Windows 10 , 64 bit Build 19041 (10.0.19041.4957)
OS uptime: 4 days 17:59 hours

CPU: total 4 (initial active 4) (2 cores per cpu, 2 threads per core) family 6 model 142 stepping 12 microcode 0xf8, cx8, cmov, fxsr, ht, mmx, 3dnowpref, sse, sse2, sse3, ssse3, sse4.1, sse4.2, popcnt, lzcnt, tsc, tscinvbit, aes, erms, clmul, clflush, clflushopt
Processor Information for all 4 processors :
  Max Mhz: 2304, Current Mhz: 2304, Mhz Limit: 2304

Memory: 4k page, system-wide physical 3971M (72M free)
TotalPageFile size 16259M (AvailPageFile size 11M)
current process WorkingSet (physical memory assigned to process): 58M, peak: 172M
current process commit charge ("private bytes"): 247M, peak: 265M

vm_info: OpenJDK 64-Bit Server VM (17.0.13+11) for windows-amd64 JRE (17.0.13+11), built on Oct 16 2024 00:10:08 by "admin" with MS VC++ 17.7 (VS2022)

END.
