#
# There is insufficient memory for the Java Runtime Environment to continue.
# Native memory allocation (mmap) failed to map 67108864 bytes for G1 virtual space
# Possible reasons:
#   The system is out of physical RAM or swap space
#   The process is running with CompressedOops enabled, and the Java Heap may be blocking the growth of the native heap
# Possible solutions:
#   Reduce memory load on the system
#   Increase physical memory or swap space
#   Check if swap backing store is full
#   Decrease Java heap size (-Xmx/-Xms)
#   Decrease number of Java threads
#   Decrease Java thread stack sizes (-Xss)
#   Set larger code cache with -XX:ReservedCodeCacheSize=
#   JVM is running with Unscaled Compressed Oops mode in which the Java heap is
#     placed in the first 4GB address space. The Java Heap base address is the
#     maximum limit for the native heap growth. Please use -XX:HeapBaseMinAddress
#     to set the Java Heap base and to place the Java Heap above 4GB virtual address.
# This output file may be truncated or incomplete.
#
#  Out of Memory Error (os_windows.cpp:3550), pid=13492, tid=15272
#
# JRE version:  (17.0.8+9) (build )
# Java VM: Java HotSpot(TM) 64-Bit Server VM (17.0.8+9-LTS-211, mixed mode, sharing, tiered, compressed oops, compressed class ptrs, g1 gc, windows-amd64)
# No core dump will be written. Minidumps are not enabled by default on client versions of Windows
#

---------------  S U M M A R Y ------------

Command Line: -XX:+ShowCodeDetailsInExceptionMessages -Dspring.jmx.enabled=true -Dmanagement.endpoints.jmx.exposure.include=* -Dspring.application.admin.enabled=true -Dspring.boot.project.name=CRUD-BE-MDB -Djava.rmi.server.hostname=localhost -Dcom.sun.management.jmxremote.port=45556 -Dcom.sun.management.jmxremote.authenticate=false -Dcom.sun.management.jmxremote.ssl=false com.example.CRUD_BE_MDB.CrudBeMdbApplication

Host: Intel(R) Pentium(R) CPU 5405U @ 2.30GHz, 4 cores, 3G,  Windows 10 , 64 bit Build 19041 (10.0.19041.5072)
Time: Wed Dec  4 11:13:08 2024 Sri Lanka Standard Time elapsed time: 0.026490 seconds (0d 0h 0m 0s)

---------------  T H R E A D  ---------------

Current thread (0x0000015d4e0ad970):  JavaThread "Unknown thread" [_thread_in_vm, id=15272, stack(0x0000002035300000,0x0000002035400000)]

Stack: [0x0000002035300000,0x0000002035400000]
Native frames: (J=compiled Java code, j=interpreted, Vv=VM code, C=native code)
V  [jvm.dll+0x677d0a]
V  [jvm.dll+0x7d8c54]
V  [jvm.dll+0x7da3fe]
V  [jvm.dll+0x7daa63]
V  [jvm.dll+0x245c5f]
V  [jvm.dll+0x674bb9]
V  [jvm.dll+0x6694f2]
V  [jvm.dll+0x3031d6]
V  [jvm.dll+0x30a756]
V  [jvm.dll+0x359f9e]
V  [jvm.dll+0x35a1cf]
V  [jvm.dll+0x2da3e8]
V  [jvm.dll+0x2db354]
V  [jvm.dll+0x7aa711]
V  [jvm.dll+0x367b51]
V  [jvm.dll+0x789979]
V  [jvm.dll+0x3eb05f]
V  [jvm.dll+0x3ecae1]
C  [jli.dll+0x5297]
C  [ucrtbase.dll+0x21bb2]
C  [KERNEL32.DLL+0x17374]
C  [ntdll.dll+0x4cc91]


---------------  P R O C E S S  ---------------

Threads class SMR info:
_java_thread_list=0x00007ff833ad59d8, length=0, elements={
}

Java Threads: ( => current thread )

Other Threads:
  0x0000015d4e0f16e0 GCTaskThread "GC Thread#0" [stack: 0x0000002035400000,0x0000002035500000] [id=2224]
  0x0000015d4e0fa170 ConcurrentGCThread "G1 Main Marker" [stack: 0x0000002035500000,0x0000002035600000] [id=11552]
  0x0000015d4e0fb230 ConcurrentGCThread "G1 Conc#0" [stack: 0x0000002035600000,0x0000002035700000] [id=10188]

[error occurred during error reporting (printing all threads), id 0xc0000005, EXCEPTION_ACCESS_VIOLATION (0xc0000005) at pc=0x00007ff83330b047]

VM state: not at safepoint (not fully initialized)

VM Mutex/Monitor currently owned by a thread:  ([mutex/lock_event])
[0x0000015d4e0a7430] Heap_lock - owner thread: 0x0000015d4e0ad970

Heap address: 0x00000000c1e00000, size: 994 MB, Compressed Oops mode: 32-bit

CDS archive(s) mapped at: [0x0000000000000000-0x0000000000000000-0x0000000000000000), size 0, SharedBaseAddress: 0x0000000800000000, ArchiveRelocationMode: 1.
Narrow klass base: 0x0000000000000000, Narrow klass shift: 0, Narrow klass range: 0x0

GC Precious Log:
<Empty>

Heap:
 garbage-first heap   total 0K, used 0K [0x00000000c1e00000, 0x0000000100000000)
  region size 1024K, 0 young (0K), 0 survivors (0K)

[error occurred during error reporting (printing heap information), id 0xc0000005, EXCEPTION_ACCESS_VIOLATION (0xc0000005) at pc=0x00007ff8336f1499]

GC Heap History (0 events):
No events

Deoptimization events (0 events):
No events

Classes unloaded (0 events):
No events

Classes redefined (0 events):
No events

Internal exceptions (0 events):
No events

VM Operations (0 events):
No events

Events (1 events):
Event: 0.015 Loaded shared library C:\Program Files\Java\jdk-17\bin\java.dll


Dynamic libraries:
0x00007ff6795c0000 - 0x00007ff6795d0000 	C:\Program Files\Java\jdk-17\bin\java.exe
0x00007ff8b5c70000 - 0x00007ff8b5e68000 	C:\Windows\SYSTEM32\ntdll.dll
0x00007ff8b49d0000 - 0x00007ff8b4a92000 	C:\Windows\System32\KERNEL32.DLL
0x00007ff8b35a0000 - 0x00007ff8b389e000 	C:\Windows\System32\KERNELBASE.dll
0x00007ff8b38a0000 - 0x00007ff8b39a0000 	C:\Windows\System32\ucrtbase.dll
0x00007ff8a4710000 - 0x00007ff8a4729000 	C:\Program Files\Java\jdk-17\bin\jli.dll
0x00007ff8a46f0000 - 0x00007ff8a470b000 	C:\Program Files\Java\jdk-17\bin\VCRUNTIME140.dll
0x00007ff8b40c0000 - 0x00007ff8b4171000 	C:\Windows\System32\ADVAPI32.dll
0x00007ff8b4aa0000 - 0x00007ff8b4b3e000 	C:\Windows\System32\msvcrt.dll
0x00007ff8b3c90000 - 0x00007ff8b3d2f000 	C:\Windows\System32\sechost.dll
0x00007ff8b58d0000 - 0x00007ff8b59f3000 	C:\Windows\System32\RPCRT4.dll
0x00007ff8b3ac0000 - 0x00007ff8b3ae7000 	C:\Windows\System32\bcrypt.dll
0x00007ff8b55a0000 - 0x00007ff8b573d000 	C:\Windows\System32\USER32.dll
0x00007ff8b3310000 - 0x00007ff8b3332000 	C:\Windows\System32\win32u.dll
0x00007ff893eb0000 - 0x00007ff89414a000 	C:\Windows\WinSxS\amd64_microsoft.windows.common-controls_6595b64144ccf1df_6.0.19041.4355_none_60b8b9eb71f62e16\COMCTL32.dll
0x00007ff8b4280000 - 0x00007ff8b42ab000 	C:\Windows\System32\GDI32.dll
0x00007ff8b39a0000 - 0x00007ff8b3ab7000 	C:\Windows\System32\gdi32full.dll
0x00007ff8b3af0000 - 0x00007ff8b3b8d000 	C:\Windows\System32\msvcp_win.dll
0x00007ff8ad1c0000 - 0x00007ff8ad1ca000 	C:\Windows\SYSTEM32\VERSION.dll
0x00007ff8b4090000 - 0x00007ff8b40bf000 	C:\Windows\System32\IMM32.DLL
0x00007ff8a5040000 - 0x00007ff8a504c000 	C:\Program Files\Java\jdk-17\bin\vcruntime140_1.dll
0x00007ff85d8b0000 - 0x00007ff85d93e000 	C:\Program Files\Java\jdk-17\bin\msvcp140.dll
0x00007ff833020000 - 0x00007ff833bfe000 	C:\Program Files\Java\jdk-17\bin\server\jvm.dll
0x00007ff8b48b0000 - 0x00007ff8b48b8000 	C:\Windows\System32\PSAPI.DLL
0x00007ff896b40000 - 0x00007ff896b49000 	C:\Windows\SYSTEM32\WSOCK32.dll
0x00007ff8b48c0000 - 0x00007ff8b492b000 	C:\Windows\System32\WS2_32.dll
0x00007ff898640000 - 0x00007ff898667000 	C:\Windows\SYSTEM32\WINMM.dll
0x00007ff8b1b30000 - 0x00007ff8b1b42000 	C:\Windows\SYSTEM32\kernel.appcore.dll
0x00007ff8a46e0000 - 0x00007ff8a46ea000 	C:\Program Files\Java\jdk-17\bin\jimage.dll
0x00007ff8b0f20000 - 0x00007ff8b1104000 	C:\Windows\SYSTEM32\DBGHELP.DLL
0x00007ff8ac080000 - 0x00007ff8ac0b4000 	C:\Windows\SYSTEM32\dbgcore.DLL
0x00007ff8b3c00000 - 0x00007ff8b3c82000 	C:\Windows\System32\bcryptPrimitives.dll
0x00007ff87fec0000 - 0x00007ff87fee5000 	C:\Program Files\Java\jdk-17\bin\java.dll

dbghelp: loaded successfully - version: 4.0.5 - missing functions: none
symbol engine: initialized successfully - sym options: 0x614 - pdb path: .;C:\Program Files\Java\jdk-17\bin;C:\Windows\SYSTEM32;C:\Windows\WinSxS\amd64_microsoft.windows.common-controls_6595b64144ccf1df_6.0.19041.4355_none_60b8b9eb71f62e16;C:\Program Files\Java\jdk-17\bin\server

VM Arguments:
jvm_args: -XX:+ShowCodeDetailsInExceptionMessages -Dspring.jmx.enabled=true -Dmanagement.endpoints.jmx.exposure.include=* -Dspring.application.admin.enabled=true -Dspring.boot.project.name=CRUD-BE-MDB -Djava.rmi.server.hostname=localhost -Dcom.sun.management.jmxremote.port=45556 -Dcom.sun.management.jmxremote.authenticate=false -Dcom.sun.management.jmxremote.ssl=false 
java_command: com.example.CRUD_BE_MDB.CrudBeMdbApplication
java_class_path (initial): C:\Users\SNC\Documents\Full Stack\New folder\CRUD-BE-MDB\target\classes;C:\Users\SNC\.m2\repository\org\springframework\boot\spring-boot-starter-data-mongodb\3.3.5\spring-boot-starter-data-mongodb-3.3.5.jar;C:\Users\SNC\.m2\repository\org\springframework\boot\spring-boot-starter\3.3.5\spring-boot-starter-3.3.5.jar;C:\Users\SNC\.m2\repository\org\springframework\boot\spring-boot\3.3.5\spring-boot-3.3.5.jar;C:\Users\SNC\.m2\repository\org\springframework\boot\spring-boot-autoconfigure\3.3.5\spring-boot-autoconfigure-3.3.5.jar;C:\Users\SNC\.m2\repository\org\springframework\boot\spring-boot-starter-logging\3.3.5\spring-boot-starter-logging-3.3.5.jar;C:\Users\SNC\.m2\repository\ch\qos\logback\logback-classic\1.5.11\logback-classic-1.5.11.jar;C:\Users\SNC\.m2\repository\ch\qos\logback\logback-core\1.5.11\logback-core-1.5.11.jar;C:\Users\SNC\.m2\repository\org\apache\logging\log4j\log4j-to-slf4j\2.23.1\log4j-to-slf4j-2.23.1.jar;C:\Users\SNC\.m2\repository\org\apache\logging\log4j\log4j-api\2.23.1\log4j-api-2.23.1.jar;C:\Users\SNC\.m2\repository\org\slf4j\jul-to-slf4j\2.0.16\jul-to-slf4j-2.0.16.jar;C:\Users\SNC\.m2\repository\jakarta\annotation\jakarta.annotation-api\2.1.1\jakarta.annotation-api-2.1.1.jar;C:\Users\SNC\.m2\repository\org\yaml\snakeyaml\2.2\snakeyaml-2.2.jar;C:\Users\SNC\.m2\repository\org\mongodb\mongodb-driver-sync\5.0.1\mongodb-driver-sync-5.0.1.jar;C:\Users\SNC\.m2\repository\org\mongodb\bson\5.0.1\bson-5.0.1.jar;C:\Users\SNC\.m2\repository\org\mongodb\mongodb-driver-core\5.0.1\mongodb-driver-core-5.0.1.jar;C:\Users\SNC\.m2\repository\org\mongodb\bson-record-codec\5.0.1\bson-record-codec-5.0.1.jar;C:\Users\SNC\.m2\repository\org\springframework\data\spring-data-mongodb\4.3.5\spring-data-mongodb-4.3.5.jar;C:\Users\SNC\.m2\repository\org\springframework\spring-tx\6.1.14\spring-tx-6.1.14.jar;C:\Users\SNC\.m2\repository\org\springframework\spring-context\6.1.14\spring-context-6.1.14.jar;C:\Users\SNC\.m2\repository\org\springframe
Launcher Type: SUN_STANDARD

[Global flags]
     intx CICompilerCount                          = 3                                         {product} {ergonomic}
     uint ConcGCThreads                            = 1                                         {product} {ergonomic}
     uint G1ConcRefinementThreads                  = 4                                         {product} {ergonomic}
   size_t G1HeapRegionSize                         = 1048576                                   {product} {ergonomic}
    uintx GCDrainStackTargetSize                   = 64                                        {product} {ergonomic}
   size_t InitialHeapSize                          = 67108864                                  {product} {ergonomic}
     bool ManagementServer                         = true                                      {product} {command line}
   size_t MarkStackSize                            = 4194304                                   {product} {ergonomic}
   size_t MaxHeapSize                              = 1042284544                                {product} {ergonomic}
   size_t MinHeapDeltaBytes                        = 1048576                                   {product} {ergonomic}
   size_t MinHeapSize                              = 8388608                                   {product} {ergonomic}
    uintx NonNMethodCodeHeapSize                   = 5832780                                {pd product} {ergonomic}
    uintx NonProfiledCodeHeapSize                  = 122912730                              {pd product} {ergonomic}
    uintx ProfiledCodeHeapSize                     = 122912730                              {pd product} {ergonomic}
    uintx ReservedCodeCacheSize                    = 251658240                              {pd product} {ergonomic}
     bool SegmentedCodeCache                       = true                                      {product} {ergonomic}
     bool ShowCodeDetailsInExceptionMessages       = true                                   {manageable} {command line}
   size_t SoftMaxHeapSize                          = 1042284544                             {manageable} {ergonomic}
     bool UseCompressedClassPointers               = true                           {product lp64_product} {ergonomic}
     bool UseCompressedOops                        = true                           {product lp64_product} {ergonomic}
     bool UseG1GC                                  = true                                      {product} {ergonomic}
     bool UseLargePagesIndividualAllocation        = false                                  {pd product} {ergonomic}

Logging:
Log output configuration:
 #0: stdout all=warning uptime,level,tags
 #1: stderr all=off uptime,level,tags

Environment Variables:
JAVA_HOME=C:\Program Files\Java\jdk-19
PATH=C:\Program Files\Common Files\Oracle\Java\javapath;F:\oracle\dbhomeXE\bin;C:\app\SNC\product\18.0.0\dbhomeXE\bin;D:\oracle\dbhomeXE\bin;C:\Windows\system32;C:\Windows;C:\Windows\System32\Wbem;C:\Windows\System32\WindowsPowerShell\v1.0\;C:\Windows\System32\OpenSSH\;C:\Program Files\Java\jdk-19\bin;C:\Program Files\swipl\bin;C:\Program Files\Git\cmd;C:\Program Files (x86)\Eclipse\Sumo\bin\;C:\Program Files (x86)\Eclipse\Sumo\tools\;C:\Users\SNC\AppData\Roaming\nvm;C:\Program Files\nodejs;C:\Program Files\dotnet\;C:\Program Files\nodejs\;C:\Users\SNC\AppData\Local\Programs\Python\Python311\Scripts\;C:\Users\SNC\AppData\Local\Programs\Python\Python311\;C:\Users\SNC\AppData\Local\Microsoft\WindowsApps;C:\Program Files\JetBrains\IntelliJ IDEA Community Edition 2022.3.2\bin;;C:\Users\SNC\AppData\Local\Programs\Microsoft VS Code\bin;C:\Users\SNC\AppData\Roaming\nvm;C:\Program Files\nodejs;C:\Users\SNC\AppData\Roaming\npm
USERNAME=SNC
LANG=en_US.UTF-8
OS=Windows_NT
PROCESSOR_IDENTIFIER=Intel64 Family 6 Model 142 Stepping 12, GenuineIntel



---------------  S Y S T E M  ---------------

OS:
 Windows 10 , 64 bit Build 19041 (10.0.19041.5072)
OS uptime: 6 days 21:15 hours

CPU: total 4 (initial active 4) (2 cores per cpu, 2 threads per core) family 6 model 142 stepping 12 microcode 0xf8, cx8, cmov, fxsr, ht, mmx, 3dnowpref, sse, sse2, sse3, ssse3, sse4.1, sse4.2, popcnt, lzcnt, tsc, tscinvbit, aes, erms, clmul, clflush, clflushopt

Memory: 4k page, system-wide physical 3971M (323M free)
TotalPageFile size 16259M (AvailPageFile size 24M)
current process WorkingSet (physical memory assigned to process): 9M, peak: 9M
current process commit charge ("private bytes"): 51M, peak: 115M

vm_info: Java HotSpot(TM) 64-Bit Server VM (17.0.8+9-LTS-211) for windows-amd64 JRE (17.0.8+9-LTS-211), built on Jun 14 2023 10:34:31 by "mach5one" with MS VC++ 17.1 (VS2022)

END.
